linkup/build/outputs/logs/manifest-merger-debug-report.txt
-- Merging decision tree log ---
manifest
ADDED from src\main\AndroidManifest.xml:2:1-171:12
INJECTED from src\main\AndroidManifest.xml:2:1-171:12
INJECTED from src\main\AndroidManifest.xml:2:1-171:12
INJECTED from src\main\AndroidManifest.xml:2:1-171:12
MERGED from [:linkupCore] AndroidManifest.xml:2:1-11:12
INJECTED from src\main\AndroidManifest.xml:2:1-171:12
INJECTED from src\main\AndroidManifest.xml:2:1-171:12
INJECTED from src\main\AndroidManifest.xml:2:1-171:12
	package
		ADDED from src\main\AndroidManifest.xml:3:5-29
		INJECTED from src\main\AndroidManifest.xml
		INJECTED from src\main\AndroidManifest.xml
	android:versionName
		ADDED from src\main\AndroidManifest.xml:5:5-32
		INJECTED from src\main\AndroidManifest.xml
		INJECTED from src\main\AndroidManifest.xml
	xmlns:android
		ADDED from src\main\AndroidManifest.xml:2:11-69
	android:versionCode
		ADDED from src\main\AndroidManifest.xml:4:5-29
		INJECTED from src\main\AndroidManifest.xml
		INJECTED from src\main\AndroidManifest.xml
uses-sdk
ADDED from src\main\AndroidManifest.xml:7:5-9:41
INJECTED from src\main\AndroidManifest.xml:7:5-9:41
INJECTED from src\main\AndroidManifest.xml:7:5-9:41
MERGED from [:linkupCore] AndroidManifest.xml:7:5-9:41
MERGED from [:linkupCore] AndroidManifest.xml:7:5-9:41
INJECTED from src\main\AndroidManifest.xml:7:5-9:41
INJECTED from src\main\AndroidManifest.xml:7:5-9:41
	android:targetSdkVersion
		ADDED from src\main\AndroidManifest.xml:9:9-38
		INJECTED from src\main\AndroidManifest.xml
		INJECTED from src\main\AndroidManifest.xml
	android:minSdkVersion
		ADDED from src\main\AndroidManifest.xml:8:9-35
		INJECTED from src\main\AndroidManifest.xml
		INJECTED from src\main\AndroidManifest.xml
permission#com.znv.linkup.permission.MIPUSH_RECEIVE
ADDED from src\main\AndroidManifest.xml:11:5-13:55
	android:protectionLevel
		ADDED from src\main\AndroidManifest.xml:13:9-52
	android:name
		ADDED from src\main\AndroidManifest.xml:12:9-64
uses-permission#android.permission.INTERNET
ADDED from src\main\AndroidManifest.xml:15:5-67
	android:name
		ADDED from src\main\AndroidManifest.xml:15:22-64
uses-permission#android.permission.READ_PHONE_STATE
ADDED from src\main\AndroidManifest.xml:16:5-75
	android:name
		ADDED from src\main\AndroidManifest.xml:16:22-72
uses-permission#android.permission.ACCESS_NETWORK_STATE
ADDED from src\main\AndroidManifest.xml:17:5-79
	android:name
		ADDED from src\main\AndroidManifest.xml:17:22-76
uses-permission#android.permission.WRITE_EXTERNAL_STORAGE
ADDED from src\main\AndroidManifest.xml:18:5-81
	android:name
		ADDED from src\main\AndroidManifest.xml:18:22-78
uses-permission#android.permission.ACCESS_WIFI_STATE
ADDED from src\main\AndroidManifest.xml:19:5-76
	android:name
		ADDED from src\main\AndroidManifest.xml:19:22-73
uses-permission#com.android.launcher.permission.INSTALL_SHORTCUT
ADDED from src\main\AndroidManifest.xml:20:5-88
	android:name
		ADDED from src\main\AndroidManifest.xml:20:22-85
uses-permission#com.android.launcher.permission.UNINSTALL_SHORTCUT
ADDED from src\main\AndroidManifest.xml:21:5-90
	android:name
		ADDED from src\main\AndroidManifest.xml:21:22-87
uses-permission#android.permission.GET_TASKS
ADDED from src\main\AndroidManifest.xml:22:5-68
	android:name
		ADDED from src\main\AndroidManifest.xml:22:22-65
uses-permission#android.permission.GET_ACCOUNTS
ADDED from src\main\AndroidManifest.xml:23:5-71
	android:name
		ADDED from src\main\AndroidManifest.xml:23:22-68
uses-permission#com.xiaomi.market.sdk.UPDATE
ADDED from src\main\AndroidManifest.xml:24:5-68
	android:name
		ADDED from src\main\AndroidManifest.xml:24:22-65
uses-permission#android.permission.READ_CONTACTS
ADDED from src\main\AndroidManifest.xml:25:5-72
	android:name
		ADDED from src\main\AndroidManifest.xml:25:22-69
uses-permission#com.znv.linkup.permission.MIPUSH_RECEIVE
ADDED from src\main\AndroidManifest.xml:26:5-80
	android:name
		ADDED from src\main\AndroidManifest.xml:26:22-77
application
ADDED from src\main\AndroidManifest.xml:28:5-169:19
	android:label
		ADDED from src\main\AndroidManifest.xml:32:9-41
	android:icon
		ADDED from src\main\AndroidManifest.xml:31:9-45
	android:allowBackup
		ADDED from src\main\AndroidManifest.xml:30:9-35
	android:theme
		ADDED from src\main\AndroidManifest.xml:33:9-44
	android:name
		ADDED from src\main\AndroidManifest.xml:29:9-52
activity#com.znv.linkup.WelcomeActivity
ADDED from src\main\AndroidManifest.xml:34:9-46:20
	android:screenOrientation
		ADDED from src\main\AndroidManifest.xml:39:13-49
	android:launchMode
		ADDED from src\main\AndroidManifest.xml:38:13-44
	android:keepScreenOn
		ADDED from src\main\AndroidManifest.xml:37:13-40
	android:configChanges
		ADDED from src\main\AndroidManifest.xml:36:13-74
	android:theme
		ADDED from src\main\AndroidManifest.xml:40:13-51
	android:name
		ADDED from src\main\AndroidManifest.xml:35:13-58
intent-filter#action:name:android.intent.action.MAIN+category:name:android.intent.category.LAUNCHER
ADDED from src\main\AndroidManifest.xml:41:13-45:29
action#android.intent.action.MAIN
ADDED from src\main\AndroidManifest.xml:42:17-69
	android:name
		ADDED from src\main\AndroidManifest.xml:42:25-66
category#android.intent.category.LAUNCHER
ADDED from src\main\AndroidManifest.xml:44:17-77
	android:name
		ADDED from src\main\AndroidManifest.xml:44:27-74
activity#com.znv.linkup.RankActivity
ADDED from src\main\AndroidManifest.xml:47:9-53:20
	android:screenOrientation
		ADDED from src\main\AndroidManifest.xml:51:13-49
	android:keepScreenOn
		ADDED from src\main\AndroidManifest.xml:50:13-40
	android:configChanges
		ADDED from src\main\AndroidManifest.xml:49:13-74
	android:theme
		ADDED from src\main\AndroidManifest.xml:52:13-51
	android:name
		ADDED from src\main\AndroidManifest.xml:48:13-55
activity#com.znv.linkup.GameActivity
ADDED from src\main\AndroidManifest.xml:54:9-60:20
	android:screenOrientation
		ADDED from src\main\AndroidManifest.xml:58:13-49
	android:keepScreenOn
		ADDED from src\main\AndroidManifest.xml:57:13-40
	android:configChanges
		ADDED from src\main\AndroidManifest.xml:56:13-74
	android:theme
		ADDED from src\main\AndroidManifest.xml:59:13-51
	android:name
		ADDED from src\main\AndroidManifest.xml:55:13-55
activity#com.znv.linkup.BaseActivity
ADDED from src\main\AndroidManifest.xml:61:9-66:54
	android:screenOrientation
		ADDED from src\main\AndroidManifest.xml:65:13-49
	android:keepScreenOn
		ADDED from src\main\AndroidManifest.xml:64:13-40
	android:configChanges
		ADDED from src\main\AndroidManifest.xml:63:13-74
	android:theme
		ADDED from src\main\AndroidManifest.xml:66:13-51
	android:name
		ADDED from src\main\AndroidManifest.xml:62:13-55
activity#com.znv.linkup.TopActivity
ADDED from src\main\AndroidManifest.xml:67:9-73:20
	android:screenOrientation
		ADDED from src\main\AndroidManifest.xml:71:13-49
	android:keepScreenOn
		ADDED from src\main\AndroidManifest.xml:70:13-40
	android:configChanges
		ADDED from src\main\AndroidManifest.xml:69:13-74
	android:theme
		ADDED from src\main\AndroidManifest.xml:72:13-51
	android:name
		ADDED from src\main\AndroidManifest.xml:68:13-54
activity#com.znv.linkup.ModeActivity
ADDED from src\main\AndroidManifest.xml:74:9-80:20
	android:screenOrientation
		ADDED from src\main\AndroidManifest.xml:78:13-49
	android:keepScreenOn
		ADDED from src\main\AndroidManifest.xml:77:13-40
	android:configChanges
		ADDED from src\main\AndroidManifest.xml:76:13-74
	android:theme
		ADDED from src\main\AndroidManifest.xml:79:13-51
	android:name
		ADDED from src\main\AndroidManifest.xml:75:13-55
service#com.znv.linkup.sound.MusicService
ADDED from src\main\AndroidManifest.xml:82:9-90:19
	android:exported
		ADDED from src\main\AndroidManifest.xml:84:13-37
	android:name
		ADDED from src\main\AndroidManifest.xml:83:13-61
intent-filter#action:name:com.znv.linkup.BGMUSIC+category:name:android.intent.category.default
ADDED from src\main\AndroidManifest.xml:85:13-89:29
action#com.znv.linkup.BGMUSIC
ADDED from src\main\AndroidManifest.xml:86:17-65
	android:name
		ADDED from src\main\AndroidManifest.xml:86:25-62
category#android.intent.category.default
ADDED from src\main\AndroidManifest.xml:88:17-76
	android:name
		ADDED from src\main\AndroidManifest.xml:88:27-73
activity#cn.sharesdk.framework.ShareSDKUIShell
ADDED from src\main\AndroidManifest.xml:93:9-98:70
	android:screenOrientation
		ADDED from src\main\AndroidManifest.xml:96:13-49
	android:windowSoftInputMode
		ADDED from src\main\AndroidManifest.xml:98:13-67
	android:configChanges
		ADDED from src\main\AndroidManifest.xml:95:13-74
	android:theme
		ADDED from src\main\AndroidManifest.xml:97:13-72
	android:name
		ADDED from src\main\AndroidManifest.xml:94:13-65
activity#com.znv.linkup.wxapi.WXEntryActivity
ADDED from src\main\AndroidManifest.xml:101:9-106:75
	android:screenOrientation
		ADDED from src\main\AndroidManifest.xml:105:13-49
	android:exported
		ADDED from src\main\AndroidManifest.xml:104:13-36
	android:configChanges
		ADDED from src\main\AndroidManifest.xml:103:13-74
	android:theme
		ADDED from src\main\AndroidManifest.xml:106:13-72
	android:name
		ADDED from src\main\AndroidManifest.xml:102:13-64
activity#cn.smssdk.SMSSDKUIShell
ADDED from src\main\AndroidManifest.xml:111:9-116:70
	android:screenOrientation
		ADDED from src\main\AndroidManifest.xml:114:13-49
	android:windowSoftInputMode
		ADDED from src\main\AndroidManifest.xml:116:13-67
	android:configChanges
		ADDED from src\main\AndroidManifest.xml:113:13-74
	android:theme
		ADDED from src\main\AndroidManifest.xml:115:13-72
	android:name
		ADDED from src\main\AndroidManifest.xml:112:13-51
receiver#com.xiaomi.market.sdk.DownloadCompleteReceiver
ADDED from src\main\AndroidManifest.xml:121:9-125:20
	android:name
		ADDED from src\main\AndroidManifest.xml:121:19-80
intent-filter#action:name:android.intent.action.DOWNLOAD_COMPLETE
ADDED from src\main\AndroidManifest.xml:122:13-124:29
action#android.intent.action.DOWNLOAD_COMPLETE
ADDED from src\main\AndroidManifest.xml:123:17-82
	android:name
		ADDED from src\main\AndroidManifest.xml:123:25-79
service#com.xiaomi.push.service.XMPushService
ADDED from src\main\AndroidManifest.xml:129:9-132:46
	android:process
		ADDED from src\main\AndroidManifest.xml:132:13-43
	android:enabled
		ADDED from src\main\AndroidManifest.xml:131:13-35
	android:name
		ADDED from src\main\AndroidManifest.xml:130:13-65
service#com.xiaomi.mipush.sdk.PushMessageHandler
ADDED from src\main\AndroidManifest.xml:133:9-136:39
	android:enabled
		ADDED from src\main\AndroidManifest.xml:135:13-35
	android:exported
		ADDED from src\main\AndroidManifest.xml:136:13-36
	android:name
		ADDED from src\main\AndroidManifest.xml:134:13-68
service#com.xiaomi.mipush.sdk.MessageHandleService
ADDED from src\main\AndroidManifest.xml:137:9-138:73
	android:enabled
		ADDED from src\main\AndroidManifest.xml:137:18-40
	android:name
		ADDED from src\main\AndroidManifest.xml:138:13-70
receiver#com.znv.linkup.push.MessageReceiver
ADDED from src\main\AndroidManifest.xml:140:9-149:20
	android:exported
		ADDED from src\main\AndroidManifest.xml:142:13-36
	android:name
		ADDED from src\main\AndroidManifest.xml:141:13-63
intent-filter#action:name:com.xiaomi.mipush.RECEIVE_MESSAGE
ADDED from src\main\AndroidManifest.xml:143:13-145:29
action#com.xiaomi.mipush.RECEIVE_MESSAGE
ADDED from src\main\AndroidManifest.xml:144:17-76
	android:name
		ADDED from src\main\AndroidManifest.xml:144:25-73
intent-filter#action:name:com.xiaomi.mipush.ERROR
ADDED from src\main\AndroidManifest.xml:146:13-148:29
action#com.xiaomi.mipush.ERROR
ADDED from src\main\AndroidManifest.xml:147:17-66
	android:name
		ADDED from src\main\AndroidManifest.xml:147:25-63
receiver#com.xiaomi.push.service.receivers.NetworkStatusReceiver
ADDED from src\main\AndroidManifest.xml:150:9-158:20
	android:exported
		ADDED from src\main\AndroidManifest.xml:152:13-36
	android:name
		ADDED from src\main\AndroidManifest.xml:151:13-83
intent-filter#action:name:android.net.conn.CONNECTIVITY_CHANGE+category:name:android.intent.category.DEFAULT
ADDED from src\main\AndroidManifest.xml:153:13-157:29
action#android.net.conn.CONNECTIVITY_CHANGE
ADDED from src\main\AndroidManifest.xml:154:17-79
	android:name
		ADDED from src\main\AndroidManifest.xml:154:25-76
category#android.intent.category.DEFAULT
ADDED from src\main\AndroidManifest.xml:156:17-76
	android:name
		ADDED from src\main\AndroidManifest.xml:156:27-73
receiver#com.xiaomi.push.service.receivers.PingReceiver
ADDED from src\main\AndroidManifest.xml:159:9-166:20
	android:process
		ADDED from src\main\AndroidManifest.xml:162:13-43
	android:exported
		ADDED from src\main\AndroidManifest.xml:161:13-37
	android:name
		ADDED from src\main\AndroidManifest.xml:160:13-74
intent-filter#action:name:com.xiaomi.push.PING_TIMER
ADDED from src\main\AndroidManifest.xml:163:13-165:29
action#com.xiaomi.push.PING_TIMER
ADDED from src\main\AndroidManifest.xml:164:17-69
	android:name
		ADDED from src\main\AndroidManifest.xml:164:25-66